### ISSUE TITLE
[bug report]: Infinite loop in sadf.

### ISSUE THREAD

**Issue by bash-c** [sysstat/sysstat#202]
The latest commit([fbc691e](https://github.com/sysstat/sysstat/commit/fbc691eaaa10d0bcea6741d5a223dc3906106548)) has fixed #199 and #196 . But recently I found another bug which will lead to an infinite loop bug.

[poc here](https://drive.google.com/open?id=16b7ML6Tj8OBhI4vuTjZ1oOiPIfOiVizJ)

## Version
```bash
ubuntu@VM-61-71-ubuntu:~/out/hangs$ ./sadf -V
sysstat version 12.1.1
(C) Sebastien Godard (sysstat <at> orange.fr)
```

## related code 
After debugging, I found there is an infinite loop bug in the following code(sadf.c:831-856)
```C
 831   │     do {
 832   │         /* Display <count> lines of stats */
 833   │         *eosaf = read_next_sample(ifd, IGNORE_RESTART | DONT_READ_CPU_NR,
 834   │                       *curr, file, &rtype, 0, file_magic,
 835   │                       file_actlst, rectime, loctime, UEOF_STOP);
 836   │ 
 837   │         if (!*eosaf && (rtype != R_RESTART) && (rtype != R_COMMENT)) {
 838   │             next = generic_write_stats(*curr, tm_start.use, tm_end.use, *reset, cnt,
 839   │                            NULL, rectime, loctime, reset_cd, act_id);
 840   │             reset_cd = 0;
 841   │ 
 842   │             if (next) {
 843   │                 /*
 844   │                  * next is set to 1 when we were close enough to desired interval.
 845   │                  * In this case, the call to generic_write_stats() has actually
 846   │                  * displayed a line of stats.
 847   │                  */
 848   │                 *curr ^= 1;
 849   │                 if (*cnt > 0) {
 850   │                     (*cnt)--;
 851   │                 }
 852   │             }
 853   │             *reset = FALSE;
 854   │         }
 855   │     }
 856   │     while (*cnt && !*eosaf && (rtype != R_RESTART));
```
the variable `cnt` is always `-1`, `eosaf` is always `0` and `rtype` `0`.
```assembly
pwndbg> 
856		while (*cnt && !*eosaf && (rtype != R_RESTART));
LEGEND: STACK | HEAP | CODE | DATA | RWX | RODATA
────────────────────────────────────────────────────────────────────[ REGISTERS ]─────────────────────────────────────────────────────────────────────
 RAX  0x7fffffffe0dc ◂— 0x0
 RBX  0x0
 RCX  0x7fffffffdf70 ◂— '13:41:20'
 RDX  0x0
 RDI  0x0
 RSI  0x4
 R8   0x28f5c27970a3d71
 R9   0x670d40 (file_hdr) ◂— 0x5bfba647
 R10  0xc12f5ccbc71fa120
 R11  0x246
 R12  0x401b70 (_start) ◂— xor    ebp, ebp
 R13  0x7fffffffe570 ◂— 0x2
 R14  0x0
 R15  0x0
 RBP  0x7fffffffe060 —▸ 0x7fffffffe100 —▸ 0x7fffffffe220 —▸ 0x7fffffffe490 ◂— 0x45a8e0
 RSP  0x7fffffffdff0 —▸ 0x7fffffffe1c0 ◂— 0x1010c2175d596
 RIP  0x4035bf (rw_curr_act_stats+438) ◂— mov    rax, qword ptr [rbp - 0x38]
──────────────────────────────────────────────────────────────────────[ DISASM ]──────────────────────────────────────────────────────────────────────
   0x4035b5 <rw_curr_act_stats+428>    mov    rax, qword ptr [rbp - 0x48]
   0x4035b9 <rw_curr_act_stats+432>    mov    dword ptr [rax], 0
 ► 0x4035bf <rw_curr_act_stats+438>    mov    rax, qword ptr [rbp - 0x38]
   0x4035c3 <rw_curr_act_stats+442>    mov    rax, qword ptr [rax]
   0x4035c6 <rw_curr_act_stats+445>    test   rax, rax
   0x4035c9 <rw_curr_act_stats+448>    je     rw_curr_act_stats+472 <0x4035e1>
 
   0x4035cb <rw_curr_act_stats+450>    mov    rax, qword ptr [rbp - 0x40]
   0x4035cf <rw_curr_act_stats+454>    mov    eax, dword ptr [rax]
   0x4035d1 <rw_curr_act_stats+456>    test   eax, eax
   0x4035d3 <rw_curr_act_stats+458>    jne    rw_curr_act_stats+472 <0x4035e1>
 
   0x4035d5 <rw_curr_act_stats+460>    mov    eax, dword ptr [rbp - 0x14]
──────────────────────────────────────────────────────────────────[ SOURCE (CODE) ]───────────────────────────────────────────────────────────────────
   851 				}
   852 			}
   853 			*reset = FALSE;
   854 		}
   855 	}
 ► 856 	while (*cnt && !*eosaf && (rtype != R_RESTART));
   857 
   858 	*reset = TRUE;
   859 }
   860 
   861 /*
──────────────────────────────────────────────────────────────────────[ STACK ]───────────────────────────────────────────────────────────────────────
00:0000│ rsp  0x7fffffffdff0 —▸ 0x7fffffffe1c0 ◂— 0x1010c2175d596
01:0008│      0x7fffffffdff8 —▸ 0x7fffffffe270 ◂— 0x706f6f6c /* 'loop' */
02:0010│      0x7fffffffe000 —▸ 0x7fffffffe180 ◂— 0x2900000014
03:0018│      0x7fffffffe008 —▸ 0x7fffffffe140 ◂— 0x2900000014
04:0020│      0x7fffffffe010 —▸ 0x672660 ◂— 0x8b00000001
05:0028│      0x7fffffffe018 —▸ 0x7fffffffe0dc ◂— 0x0
06:0030│      0x7fffffffe020 —▸ 0x7fffffffe0d8 ◂— 0x0
07:0038│      0x7fffffffe028 —▸ 0x7fffffffe0f0 ◂— 0xffffffffffffffff
pwndbg> p *cnt
$1 = -1
pwndbg> p *eosaf
$2 = 0
pwndbg> p rtype
$3 = 0
```
the following is the backtrace
```C
pwndbg> bt
#0  rw_curr_act_stats (ifd=3, curr=0x7fffffffe0d0, cnt=0x7fffffffe0f0, eosaf=0x7fffffffe0d8, act_id=1, reset=0x7fffffffe0dc, file_actlst=0x672660, rectime=0x7fffffffe140, loctime=0x7fffffffe180, file=0x7fffffffe270 "loop", file_magic=0x7fffffffe1c0) at sadf.c:837
#1  0x00000000004042f1 in logic2_display_loop (ifd=3, file_actlst=0x672660, rectime=0x7fffffffe140, loctime=0x7fffffffe180, file=0x7fffffffe270 "loop", file_magic=0x7fffffffe1c0) at sadf.c:1228
#2  0x0000000000404a6f in read_stats_from_file (dfile=0x7fffffffe270 "loop") at sadf.c:1432
#3  0x0000000000405c89 in main (argc=2, argv=0x7fffffffe578) at sadf.c:1799
#4  0x00007ffff7a2d830 in __libc_start_main (main=0x404ae1 <main>, argc=2, argv=0x7fffffffe578, init=<optimized out>, fini=<optimized out>, rtld_fini=<optimized out>, stack_end=0x7fffffffe568) at ../csu/libc-start.c:291
#5  0x0000000000401b99 in _start ()
```
and this bug leads to an endless output.
```bash
ubuntu@VM-61-71-ubuntu:~/out/hangs$ ./sadf ./loop 
VM-61-71-ubuntu	184467434852990321	12858-03-02 13:41:20 UTC	all	%user	500.00
VM-61-71-ubuntu	184467434852990321	12858-03-02 13:41:20 UTC	all	%nice	0.00
VM-61-71-ubuntu	184467434852990321	12858-03-02 13:41:20 UTC	all	%system	0.00
VM-61-71-ubuntu	184467434852990321	12858-03-02 13:41:20 UTC	all	%iowait	0.00
VM-61-71-ubuntu	184467434852990321	12858-03-02 13:41:20 UTC	all	%steal	13900.00
VM-61-71-ubuntu	184467434852990321	12858-03-02 13:41:20 UTC	all	%idle	0.00
VM-61-71-ubuntu	184467440694145843	1970-01-01 00:00:00 UTC	all	%user	0.00
VM-61-71-ubuntu	184467440694145843	1970-01-01 00:00:00 UTC	all	%nice	0.00
VM-61-71-ubuntu	184467440694145843	1970-01-01 00:00:00 UTC	all	%system	102.20
VM-61-71-ubuntu	184467440694145843	1970-01-01 00:00:00 UTC	all	%iowait	60.79
VM-61-71-ubuntu	184467440694145843	1970-01-01 00:00:00 UTC	all	%steal	0.00
VM-61-71-ubuntu	184467440694145843	1970-01-01 00:00:00 UTC	all	%idle	0.00
VM-61-71-ubuntu	254	1970-01-01 00:00:00 UTC	all	%user	0.00
VM-61-71-ubuntu	254	1970-01-01 00:00:00 UTC	all	%nice	0.00
VM-61-71-ubuntu	254	1970-01-01 00:00:00 UTC	all	%system	0.00
VM-61-71-ubuntu	254	1970-01-01 00:00:00 UTC	all	%iowait	0.00
VM-61-71-ubuntu	254	1970-01-01 00:00:00 UTC	all	%steal	0.00
VM-61-71-ubuntu	254	1970-01-01 00:00:00 UTC	all	%idle	0.00
VM-61-71-ubuntu	184467440737095262	1970-01-01 00:00:00 UTC	all	%user	0.00
VM-61-71-ubuntu	184467440737095262	1970-01-01 00:00:00 UTC	all	%nice	0.00
VM-61-71-ubuntu	184467440737095262	1970-01-01 00:00:00 UTC	all	%system	100.00
VM-61-71-ubuntu	184467440737095262	1970-01-01 00:00:00 UTC	all	%iowait	0.00
VM-61-71-ubuntu	184467440737095262	1970-01-01 00:00:00 UTC	all	%steal	0.00
VM-61-71-ubuntu	184467440737095262	1970-01-01 00:00:00 UTC	all	%idle	0.00
VM-61-71-ubuntu	0	1970-01-01 00:00:00 UTC	all	%user	0.00
VM-61-71-ubuntu	0	1970-01-01 00:00:00 UTC	all	%nice	0.00
VM-61-71-ubuntu	0	1970-01-01 00:00:00 UTC	all	%system	0.00
VM-61-71-ubuntu	0	1970-01-01 00:00:00 UTC	all	%iowait	0.00
VM-61-71-ubuntu	0	1970-01-01 00:00:00 UTC	all	%steal	0.00
VM-61-71-ubuntu	0	1970-01-01 00:00:00 UTC	all	%idle	102.73
VM-61-71-ubuntu	85899346	1970-01-01 00:01:58 UTC	all	%user	0.00
VM-61-71-ubuntu	85899346	1970-01-01 00:01:58 UTC	all	%nice	0.00
VM-61-71-ubuntu	85899346	1970-01-01 00:01:58 UTC	all	%system	7.84
VM-61-71-ubuntu	85899346	1970-01-01 00:01:58 UTC	all	%iowait	0.00
VM-61-71-ubuntu	85899346	1970-01-01 00:01:58 UTC	all	%steal	0.00
VM-61-71-ubuntu	85899346	1970-01-01 00:01:58 UTC	all	%idle	92.16
......
```

**Comment by sysstat** [comment]
Thank you for this bug report.
Please give me access to your Google drive so that I can download your poc.

**Comment by bash-c** [comment]
@sysstat Sorry I set wrong permission. Now you can download [here](https://drive.google.com/file/d/16b7ML6Tj8OBhI4vuTjZ1oOiPIfOiVizJ/view?usp=sharing).
It's not a big bug but really annoying.
